<?xml version="1.0" encoding="UTF-8"?>
<testng-results ignored="0" total="1" passed="1" failed="0" skipped="0">
  <reporter-output>
  </reporter-output>
  <suite started-at="2024-09-02T14:24:22 IST" name="Default suite" finished-at="2024-09-02T14:24:35 IST" duration-ms="12863">
    <groups>
    </groups>
    <test started-at="2024-09-02T14:24:22 IST" name="Default test" finished-at="2024-09-02T14:24:35 IST" duration-ms="12863">
      <class name="Testng_selenium.Seleniumtestng.AppTest">
        <test-method signature="firsttest()[pri:0, instance:Testng_selenium.Seleniumtestng.AppTest@54e1c68b]" started-at="2024-09-02T14:24:23 IST" name="firsttest" finished-at="2024-09-02T14:24:35 IST" duration-ms="12548" status="PASS">
          <reporter-output>
          </reporter-output>
        </test-method> <!-- firsttest -->
      </class> <!-- Testng_selenium.Seleniumtestng.AppTest -->
    </test> <!-- Default test -->
  </suite> <!-- Default suite -->
</testng-results>
